-------------------------------------------------------------------------------
Test set: com.chan.axiom.AxiomTelcomAssignmentApplicationTests
-------------------------------------------------------------------------------
Tests run: 1, Failures: 0, Errors: 1, Skipped: 0, Time elapsed: 2.356 s <<< FAILURE! - in com.chan.axiom.AxiomTelcomAssignmentApplicationTests
contextLoads  Time elapsed: 0.002 s  <<< ERROR!
java.lang.IllegalStateException: Failed to load ApplicationContext
Caused by: org.springframework.beans.factory.UnsatisfiedDependencyException: Error creating bean with name 'mobileController' defined in file [/Users/cs103115/Downloads/AxiomTelcomAssignment/target/classes/com/chan/axiom/controller/MobileController.class]: Unsatisfied dependency expressed through constructor parameter 0; nested exception is org.springframework.beans.factory.NoSuchBeanDefinitionException: No qualifying bean of type 'com.chan.axiom.service.MobileService' available: expected at least 1 bean which qualifies as autowire candidate. Dependency annotations: {}
Caused by: org.springframework.beans.factory.NoSuchBeanDefinitionException: No qualifying bean of type 'com.chan.axiom.service.MobileService' available: expected at least 1 bean which qualifies as autowire candidate. Dependency annotations: {}

